Android Application/usbSerialExamples/build/intermediates/manifest_merge_blame_file/release/manifest-merger-blame-release-report.txt
1<?xml version="1.0" encoding="utf-8"?>
2<manifest xmlns:android="http://schemas.android.com/apk/res/android"
3    package="com.hoho.android.usbserial.examples" >
4
5    <uses-sdk
6        android:minSdkVersion="24"
6-->src\main\AndroidManifest.xml
7        android:targetSdkVersion="30" />
7-->src\main\AndroidManifest.xml
8    <!-- mipmap/ic_launcher created with Android Studio -> New -> Image Asset using @color/colorPrimary and USB clip art -->
9    <application
9-->src\main\AndroidManifest.xml:7:5-32:19
10        android:appComponentFactory="androidx.core.app.CoreComponentFactory"
10-->[androidx.core:core:1.3.1] AndroidManifest.xml:24:18-86
11        android:extractNativeLibs="false"
12        android:icon="@mipmap/red_apple"
12-->src\main\AndroidManifest.xml:8:9-41
13        android:label="@string/app_name"
13-->src\main\AndroidManifest.xml:9:9-41
14        android:theme="@style/AppTheme" >
14-->src\main\AndroidManifest.xml:10:9-40
15
16        <!--
17             for this simple app launchMode=singleTask and singleTop have same effect.
18             If you would start another activity in the app, e.g. Android Settings
19             then you should use singleTask, else a new MainActivity would be started
20             when the settings activity is currently shown
21        -->
22        <activity
22-->src\main\AndroidManifest.xml:16:9-31:20
23            android:name="com.hoho.android.usbserial.examples.MainActivity"
23-->src\main\AndroidManifest.xml:17:13-41
24            android:label="@string/app_name"
24-->src\main\AndroidManifest.xml:18:13-45
25            android:launchMode="singleTask"
25-->src\main\AndroidManifest.xml:19:13-44
26            android:windowSoftInputMode="stateHidden|adjustResize" >
26-->src\main\AndroidManifest.xml:20:13-67
27            <intent-filter>
27-->src\main\AndroidManifest.xml:21:13-24:29
28                <action android:name="android.intent.action.MAIN" />
28-->src\main\AndroidManifest.xml:22:17-69
28-->src\main\AndroidManifest.xml:22:25-66
29
30                <category android:name="android.intent.category.LAUNCHER" />
30-->src\main\AndroidManifest.xml:23:17-77
30-->src\main\AndroidManifest.xml:23:27-74
31            </intent-filter>
32            <intent-filter>
32-->src\main\AndroidManifest.xml:25:13-27:29
33                <action android:name="android.hardware.usb.action.USB_DEVICE_ATTACHED" />
33-->src\main\AndroidManifest.xml:26:17-90
33-->src\main\AndroidManifest.xml:26:25-87
34            </intent-filter>
35
36            <meta-data
36-->src\main\AndroidManifest.xml:28:13-30:57
37                android:name="android.hardware.usb.action.USB_DEVICE_ATTACHED"
37-->src\main\AndroidManifest.xml:29:17-79
38                android:resource="@xml/device_filter" />
38-->src\main\AndroidManifest.xml:30:17-54
39        </activity>
40    </application>
41
42</manifest>